2020/12/29 12:26:10 --------------------Начало работы---------------------------------
2020/12/29 12:26:10 Файл успешно открыт: url.txt
2020/12/29 12:26:10 Данные из файла считаны. 
2020/12/29 12:26:10 Get запрос : https://www.google.com/
2020/12/29 12:26:11 Get запрос успешен: https://www.google.com/
2020/12/29 12:26:11 Данные считаны со страницы: https://www.google.com/
2020/12/29 12:26:11 Создан html файл: https://www.google.com/
2020/12/29 12:26:11 Get запрос : https://yandex.ru/
2020/12/29 12:26:11 Get запрос успешен: https://yandex.ru/
2020/12/29 12:26:11 Данные считаны со страницы: https://yandex.ru/
2020/12/29 12:26:11 Создан html файл: https://yandex.ru/
2020/12/29 12:26:11 Get запрос : https://www.bing.com/
2020/12/29 12:26:11 Get запрос успешен: https://www.bing.com/
2020/12/29 12:26:11 Данные считаны со страницы: https://www.bing.com/
2020/12/29 12:26:11 Создан html файл: https://www.bing.com/
2020/12/29 12:26:11 Get запрос : https://metanit.com/go/tutorial/8.3.php
2020/12/29 12:26:12 Get запрос успешен: https://metanit.com/go/tutorial/8.3.php
2020/12/29 12:26:12 Данные считаны со страницы: https://metanit.com/go/tutorial/8.3.php
2020/12/29 12:26:12 Создан html файл: https://metanit.com/go/tutorial/8.3.php
2020/12/29 12:26:12 Get запрос : https://www.youtube.com/
2020/12/29 12:26:12 Get запрос успешен: https://www.youtube.com/
2020/12/29 12:26:12 Данные считаны со страницы: https://www.youtube.com/
2020/12/29 12:26:12 Создан html файл: https://www.youtube.com/
2020/12/29 12:26:12 Get запрос : https://ru-ru.facebook.com/
2020/12/29 12:26:13 Get запрос успешен: https://ru-ru.facebook.com/
2020/12/29 12:26:13 Данные считаны со страницы: https://ru-ru.facebook.com/
2020/12/29 12:26:13 Создан html файл: https://ru-ru.facebook.com/
2020/12/29 12:26:13 --------------------Конец работы---------------------------------
